
  [32m[1mVITE[22m v5.4.21[39m  [2mready in [0m[1m787[22m[2m[0m ms[22m

  [32m➜[39m  [1mLocal[22m:   [36mhttp://localhost:[1m5173[22m/[39m
  [32m➜[39m  [1mNetwork[22m: [36mhttp://172.16.112.23:[1m5173[22m/[39m

🌼   [35mdaisyUI[39m [2m4.12.24[22m
├─ [32m✔︎[39m 2 themes added[2m		https://daisyui.com/docs/themes[22m
╰─ [32m★[39m [0mStar daisyUI on GitHub[0m	[2mhttps://github.com/saadeghi/daisyui[22m

[2m18:00:25[22m [36m[1m[vite][22m[39m [32mpage reload [39m[2msrc/services/chat.ts[22m
[2m18:02:16[22m [36m[1m[vite][22m[39m [32mpage reload [39m[2msrc/components/ChatWindow.ts[22m
[2m18:02:38[22m [36m[1m[vite][22m[39m [32mpage reload [39m[2msrc/components/ChatWindow.ts[22m
[2m18:09:52[22m [36m[1m[vite][22m[39m [32mpage reload [39m[2msrc/components/ChatWindow.ts[22m
[2m18:10:04[22m [36m[1m[vite][22m[39m [32mpage reload [39m[2msrc/components/ChatWindow.ts[22m
[2m18:10:45[22m [36m[1m[vite][22m[39m [32mpage reload [39m[2msrc/services/chat.ts[22m
[2m18:15:17[22m [36m[1m[vite][22m[39m [32mpage reload [39m[2msrc/components/ChatWindow.ts[22m
[2m18:15:56[22m [36m[1m[vite][22m[39m [32mvite.config.ts changed, restarting server...[39m
[2m18:15:56[22m [36m[1m[vite][22m[39m server restarted.
[2m18:30:48[22m [36m[1m[vite][22m[39m [32mpage reload [39m[2msrc/components/ChatWindow.ts[22m
[2m18:31:00[22m [36m[1m[vite][22m[39m [32mpage reload [39m[2msrc/components/ChatWindow.ts[22m
[2m18:31:13[22m [36m[1m[vite][22m[39m [32mpage reload [39m[2msrc/components/ChatWindow.ts[22m
[2m18:31:21[22m [36m[1m[vite][22m[39m [32mpage reload [39m[2msrc/components/ChatWindow.ts[22m
[2m18:31:49[22m [36m[1m[vite][22m[39m [32mpage reload [39m[2msrc/components/ChatWindow.ts[22m
[2m18:39:49[22m [36m[1m[vite][22m[39m [32mpage reload [39m[2msrc/components/ChatWindow.ts[22m
[2m18:28:32[22m [36m[1m[vite][22m[39m [32mpage reload [39m[2msrc/components/ChatWindow.ts[22m
[2m18:28:38[22m [36m[1m[vite][22m[39m [32mpage reload [39m[2msrc/components/ChatWindow.ts[22m
[2m18:28:44[22m [36m[1m[vite][22m[39m [32mpage reload [39m[2msrc/components/ChatWindow.ts[22m
[2m18:33:21[22m [36m[1m[vite][22m[39m [32mpage reload [39m[2msrc/components/ChatWindow.ts[22m
[2m10:10:11[22m [36m[1m[vite][22m[39m [32mpage reload [39m[2msrc/components/SkillsPage.ts[22m
[2m12:17:34[22m [36m[1m[vite][22m[39m [32mpage reload [39m[2msrc/components/SkillsPage.ts[22m
[2m17:59:30[22m [36m[1m[vite][22m[39m [32mpage reload [39m[2msrc/components/KnowledgePage.ts[22m
[2m17:59:48[22m [36m[1m[vite][22m[39m [32mhmr update [39m[2m/src/styles/main.css[22m

🌼   [35mdaisyUI[39m [2m4.12.24[22m
├─ [32m✔︎[39m 2 themes added[2m		https://daisyui.com/docs/themes[22m
╰─ [32m❤︎[39m [0mSupport daisyUI project:[0m	[2mhttps://opencollective.com/daisyui[22m

[2m18:04:17[22m [36m[1m[vite][22m[39m [32mpage reload [39m[2msrc/components/SkillsPage.ts[22m
[2m18:17:44[22m [36m[1m[vite][22m[39m [32mpage reload [39m[2msrc/app.ts[22m
[2m18:17:56[22m [36m[1m[vite][22m[39m [32mpage reload [39m[2msrc/components/KnowledgePage.ts[22m
[2m18:18:24[22m [36m[1m[vite][22m[39m [32mpage reload [39m[2msrc/components/KnowledgePage.ts[22m
[2m18:24:16[22m [36m[1m[vite][22m[39m [32mpage reload [39m[2msrc/components/KnowledgePage.ts[22m
[2m18:24:29[22m [36m[1m[vite][22m[39m [32mpage reload [39m[2msrc/services/api.ts[22m
[2m18:26:36[22m [36m[1m[vite][22m[39m [32mpage reload [39m[2msrc/components/KnowledgePage.ts[22m
[2m18:30:58[22m [36m[1m[vite][22m[39m [32mpage reload [39m[2msrc/components/KnowledgePage.ts[22m
[2m18:34:16[22m [36m[1m[vite][22m[39m [32mpage reload [39m[2msrc/components/KnowledgePage.ts[22m
[2m18:38:19[22m [36m[1m[vite][22m[39m [32mpage reload [39m[2msrc/components/KnowledgePage.ts[22m
[2m18:38:26[22m [36m[1m[vite][22m[39m [32mhmr update [39m[2m/src/styles/main.css[22m

🌼   [35mdaisyUI[39m [2m4.12.24[22m
├─ [32m✔︎[39m 2 themes added[2m		https://daisyui.com/docs/themes[22m
╰─ [32m★[39m [0mStar daisyUI on GitHub[0m	[2mhttps://github.com/saadeghi/daisyui[22m

[2m18:40:14[22m [36m[1m[vite][22m[39m [32mpage reload [39m[2msrc/components/KnowledgePage.ts[22m
[2m18:50:37[22m [36m[1m[vite][22m[39m [32mpage reload [39m[2msrc/components/KnowledgePage.ts[22m
[2m19:14:38[22m [36m[1m[vite][22m[39m [32mpage reload [39m[2msrc/components/KnowledgePage.ts[22m
[2m19:14:46[22m [36m[1m[vite][22m[39m [32mhmr update [39m[2m/src/styles/main.css[22m

🌼   [35mdaisyUI[39m [2m4.12.24[22m
├─ [32m✔︎[39m 2 themes added[2m		https://daisyui.com/docs/themes[22m
╰─ [32m★[39m [0mStar daisyUI on GitHub[0m	[2mhttps://github.com/saadeghi/daisyui[22m

[2m19:17:12[22m [36m[1m[vite][22m[39m [32mpage reload [39m[2msrc/components/KnowledgePage.ts[22m
[2m19:18:39[22m [36m[1m[vite][22m[39m [32mpage reload [39m[2msrc/components/KnowledgePage.ts[22m
[2m19:18:57[22m [36m[1m[vite][22m[39m [32mhmr update [39m[2m/src/styles/main.css[22m

🌼   [35mdaisyUI[39m [2m4.12.24[22m
├─ [32m✔︎[39m 2 themes added[2m		https://daisyui.com/docs/themes[22m
╰─ [32m★[39m [0mStar daisyUI on GitHub[0m	[2mhttps://github.com/saadeghi/daisyui[22m

[2m19:20:10[22m [36m[1m[vite][22m[39m [32mpage reload [39m[2msrc/components/KnowledgePage.ts[22m
[2m19:20:27[22m [36m[1m[vite][22m[39m [32mhmr update [39m[2m/src/styles/main.css[22m

🌼   [35mdaisyUI[39m [2m4.12.24[22m
├─ [32m✔︎[39m 2 themes added[2m		https://daisyui.com/docs/themes[22m
╰─ [32m★[39m [0mStar daisyUI on GitHub[0m	[2mhttps://github.com/saadeghi/daisyui[22m

[2m08:24:28[22m [36m[1m[vite][22m[39m [32mpage reload [39m[2msrc/components/KnowledgePage.ts[22m
[2m08:31:36[22m [36m[1m[vite][22m[39m [32mpage reload [39m[2msrc/components/KnowledgePage.ts[22m
[2m08:31:44[22m [36m[1m[vite][22m[39m [32mpage reload [39m[2msrc/components/KnowledgePage.ts[22m
[2m08:32:06[22m [36m[1m[vite][22m[39m [32mpage reload [39m[2msrc/components/KnowledgePage.ts[22m
[2m08:32:12[22m [36m[1m[vite][22m[39m [32mhmr update [39m[2m/src/styles/main.css[22m

🌼   [35mdaisyUI[39m [2m4.12.24[22m
├─ [32m✔︎[39m 2 themes added[2m		https://daisyui.com/docs/themes[22m
╰─ [32m★[39m [0mStar daisyUI on GitHub[0m	[2mhttps://github.com/saadeghi/daisyui[22m

[2m08:35:52[22m [36m[1m[vite][22m[39m [32mpage reload [39m[2msrc/components/KnowledgePage.ts[22m
[2m08:35:58[22m [36m[1m[vite][22m[39m [32mpage reload [39m[2msrc/components/KnowledgePage.ts[22m
[2m08:36:08[22m [36m[1m[vite][22m[39m [32mpage reload [39m[2msrc/components/KnowledgePage.ts[22m
[2m08:36:15[22m [36m[1m[vite][22m[39m [32mpage reload [39m[2msrc/components/KnowledgePage.ts[22m
[2m08:36:22[22m [36m[1m[vite][22m[39m [32mpage reload [39m[2msrc/components/KnowledgePage.ts[22m
[2m08:36:39[22m [36m[1m[vite][22m[39m [32mhmr update [39m[2m/src/styles/main.css[22m

🌼   [35mdaisyUI[39m [2m4.12.24[22m
├─ [32m✔︎[39m 2 themes added[2m		https://daisyui.com/docs/themes[22m
╰─ [32m❤︎[39m [0mSupport daisyUI project:[0m	[2mhttps://opencollective.com/daisyui[22m

[2m08:43:39[22m [36m[1m[vite][22m[39m [32mpage reload [39m[2msrc/components/KnowledgePage.ts[22m
[2m08:43:49[22m [36m[1m[vite][22m[39m [32mpage reload [39m[2msrc/components/KnowledgePage.ts[22m
[2m08:46:10[22m [36m[1m[vite][22m[39m [32mpage reload [39m[2msrc/components/KnowledgePage.ts[22m
[2m08:46:17[22m [36m[1m[vite][22m[39m [32mpage reload [39m[2msrc/components/KnowledgePage.ts[22m
[2m08:46:25[22m [36m[1m[vite][22m[39m [32mpage reload [39m[2msrc/components/KnowledgePage.ts[22m
[2m08:46:32[22m [36m[1m[vite][22m[39m [32mhmr update [39m[2m/src/styles/main.css[22m

🌼   [35mdaisyUI[39m [2m4.12.24[22m
├─ [32m✔︎[39m 2 themes added[2m		https://daisyui.com/docs/themes[22m
╰─ [32m★[39m [0mStar daisyUI on GitHub[0m	[2mhttps://github.com/saadeghi/daisyui[22m

[2m08:47:23[22m [36m[1m[vite][22m[39m [32mhmr update [39m[2m/src/styles/main.css[22m

🌼   [35mdaisyUI[39m [2m4.12.24[22m
├─ [32m✔︎[39m 2 themes added[2m		https://daisyui.com/docs/themes[22m
╰─ [32m★[39m [0mStar daisyUI on GitHub[0m	[2mhttps://github.com/saadeghi/daisyui[22m

[2m08:47:36[22m [36m[1m[vite][22m[39m [32mpage reload [39m[2msrc/components/KnowledgePage.ts[22m
[2m08:47:50[22m [36m[1m[vite][22m[39m [32mpage reload [39m[2msrc/components/KnowledgePage.ts[22m
[2m09:01:42[22m [36m[1m[vite][22m[39m [32mpage reload [39m[2msrc/components/KnowledgePage.ts[22m
[2m09:01:48[22m [36m[1m[vite][22m[39m [32mpage reload [39m[2msrc/components/KnowledgePage.ts[22m
[2m09:01:55[22m [36m[1m[vite][22m[39m [32mpage reload [39m[2msrc/components/KnowledgePage.ts[22m
[2m09:05:47[22m [36m[1m[vite][22m[39m [32mpage reload [39m[2msrc/components/KnowledgePage.ts[22m
[2m09:05:57[22m [36m[1m[vite][22m[39m [32mpage reload [39m[2msrc/components/KnowledgePage.ts[22m
[2m09:06:13[22m [36m[1m[vite][22m[39m [32mpage reload [39m[2msrc/components/KnowledgePage.ts[22m
[2m09:07:04[22m [36m[1m[vite][22m[39m [32mpage reload [39m[2msrc/components/KnowledgePage.ts[22m
[2m10:05:43[22m [36m[1m[vite][22m[39m [32mpage reload [39m[2msrc/components/ChatWindow.ts[22m
[2m10:05:50[22m [36m[1m[vite][22m[39m [32mpage reload [39m[2msrc/components/ChatWindow.ts[22m
[2m10:06:14[22m [36m[1m[vite][22m[39m [32mpage reload [39m[2msrc/components/ChatWindow.ts[22m
[2m10:06:28[22m [36m[1m[vite][22m[39m [32mhmr update [39m[2m/src/styles/main.css[22m

🌼   [35mdaisyUI[39m [2m4.12.24[22m
├─ [32m✔︎[39m 2 themes added[2m		https://daisyui.com/docs/themes[22m
╰─ [32m★[39m [0mStar daisyUI on GitHub[0m	[2mhttps://github.com/saadeghi/daisyui[22m

[2m10:06:35[22m [36m[1m[vite][22m[39m [32mpage reload [39m[2msrc/components/ChatWindow.ts[22m
[2m10:06:50[22m [36m[1m[vite][22m[39m [32mpage reload [39m[2msrc/components/ChatWindow.ts[22m
[2m10:07:28[22m [36m[1m[vite][22m[39m [32mpage reload [39m[2msrc/components/ChatWindow.ts[22m
